<?xml version="1.0" encoding="UTF-8"?>
<!-- Generated by org.testng.reporters.JUnitReportReporter -->
<testsuite hostname="SRM-0909" name="com.trusthub.cobranca.CobrancaOperacaoApplicationTest" tests="1" failures="0" timestamp="27 Jun 2019 19:30:50 GMT" time="0.084" errors="0">
  <testcase name="contextLoads" time="0.084" classname="com.trusthub.cobranca.CobrancaOperacaoApplicationTest"/>
</testsuite> <!-- com.trusthub.cobranca.CobrancaOperacaoApplicationTest -->
